android/app/build/intermediates/manifest_merge_blame_file/debug/processDebugMainManifest/manifest-merger-blame-debug-report.txt
1<?xml version="1.0" encoding="utf-8"?>
2<manifest xmlns:android="http://schemas.android.com/apk/res/android"
3    package="com.porseatechnology.budgetIntelli"
4    android:versionCode="68"
5    android:versionName="1.1.1" >
6
7    <uses-sdk
8        android:minSdkVersion="23"
9        android:targetSdkVersion="35" />
10    <!--
11         The INTERNET permission is required for development. Specifically,
12         the Flutter tool needs it to communicate with the running application
13         to allow setting breakpoints, to provide hot reload, etc.
14    -->
15    <uses-permission android:name="android.permission.INTERNET" />
15-->src/debug/AndroidManifest.xml:6:5-66
15-->src/debug/AndroidManifest.xml:6:22-64
16    <uses-permission android:name="com.google.android.gms.permission.AD_ID" />
16-->src/main/AndroidManifest.xml:2:5-78
16-->src/main/AndroidManifest.xml:2:22-76
17    <uses-permission android:name="android.permission.USE_BIOMETRIC" />
17-->src/main/AndroidManifest.xml:3:5-71
17-->src/main/AndroidManifest.xml:3:22-69
18    <uses-permission android:name="android.permission.RECEIVE_BOOT_COMPLETED" />
18-->src/main/AndroidManifest.xml:4:5-80
18-->src/main/AndroidManifest.xml:4:22-78
19    <uses-permission android:name="android.permission.VIBRATE" />
19-->src/main/AndroidManifest.xml:5:5-66
19-->src/main/AndroidManifest.xml:5:22-63
20    <uses-permission android:name="android.permission.USE_FULL_SCREEN_INTENT" />
20-->src/main/AndroidManifest.xml:6:5-81
20-->src/main/AndroidManifest.xml:6:22-78
21    <!--
22 NOTE: the example app requests USE_EXACT_ALARM to make it easier to run the app.
23            Developers will need to check if their own app needs to use SCHEDULE_EXACT_ALARM instead
24    -->
25    <uses-permission android:name="android.permission.USE_EXACT_ALARM" />
25-->src/main/AndroidManifest.xml:9:5-74
25-->src/main/AndroidManifest.xml:9:22-71
26    <uses-permission android:name="android.permission.SCHEDULE_EXACT_ALARM" />
26-->src/main/AndroidManifest.xml:10:5-79
26-->src/main/AndroidManifest.xml:10:22-76
27    <uses-permission android:name="android.permission.POST_NOTIFICATIONS" />
27-->src/main/AndroidManifest.xml:11:5-76
27-->src/main/AndroidManifest.xml:11:22-74
28    <uses-permission android:name="android.permission.ACCESS_FINE_LOCATION" />
28-->src/main/AndroidManifest.xml:12:5-79
28-->src/main/AndroidManifest.xml:12:22-76
29    <uses-permission android:name="android.permission.ACCESS_COARSE_LOCATION" />
29-->src/main/AndroidManifest.xml:13:5-81
29-->src/main/AndroidManifest.xml:13:22-78
30
31    <queries>
31-->src/main/AndroidManifest.xml:14:5-20:15
32        <intent>
32-->src/main/AndroidManifest.xml:15:9-18:18
33            <action android:name="android.intent.action.VIEW" />
33-->src/main/AndroidManifest.xml:16:13-65
33-->src/main/AndroidManifest.xml:16:21-62
34
35            <data android:scheme="mailto" />
35-->src/main/AndroidManifest.xml:17:13-45
35-->src/main/AndroidManifest.xml:17:19-42
36        </intent>
37        <!-- Add other schemes if needed, e.g., tel, sms -->
38        <intent>
38-->[com.android.billingclient:billing:7.1.1] AndroidManifest.xml:13:9-15:18
39            <action android:name="com.android.vending.billing.InAppBillingService.BIND" />
39-->[com.android.billingclient:billing:7.1.1] AndroidManifest.xml:14:13-91
39-->[com.android.billingclient:billing:7.1.1] AndroidManifest.xml:14:21-88
40        </intent>
41        <intent>
41-->[com.android.billingclient:billing:7.1.1] AndroidManifest.xml:16:9-18:18
42            <action android:name="com.google.android.apps.play.billingtestcompanion.BillingOverrideService.BIND" />
42-->[com.android.billingclient:billing:7.1.1] AndroidManifest.xml:17:13-116
42-->[com.android.billingclient:billing:7.1.1] AndroidManifest.xml:17:21-113
43        </intent> <!-- For browser content -->
44        <intent>
44-->[com.google.android.gms:play-services-ads-api:24.1.0] AndroidManifest.xml:38:9-44:18
45            <action android:name="android.intent.action.VIEW" />
45-->src/main/AndroidManifest.xml:16:13-65
45-->src/main/AndroidManifest.xml:16:21-62
46
47            <category android:name="android.intent.category.BROWSABLE" />
47-->[com.google.firebase:firebase-auth:23.2.0] AndroidManifest.xml:39:17-78
47-->[com.google.firebase:firebase-auth:23.2.0] AndroidManifest.xml:39:27-75
48
49            <data android:scheme="https" />
49-->src/main/AndroidManifest.xml:17:13-45
49-->src/main/AndroidManifest.xml:17:19-42
50        </intent> <!-- End of browser content -->
51        <!-- For CustomTabsService -->
52        <intent>
52-->[com.google.android.gms:play-services-ads-api:24.1.0] AndroidManifest.xml:47:9-49:18
53            <action android:name="android.support.customtabs.action.CustomTabsService" />
53-->[com.google.android.gms:play-services-ads-api:24.1.0] AndroidManifest.xml:48:13-90
53-->[com.google.android.gms:play-services-ads-api:24.1.0] AndroidManifest.xml:48:21-87
54        </intent> <!-- End of CustomTabsService -->
55        <!-- For MRAID capabilities -->
56        <intent>
56-->[com.google.android.gms:play-services-ads-api:24.1.0] AndroidManifest.xml:52:9-56:18
57            <action android:name="android.intent.action.INSERT" />
57-->[com.google.android.gms:play-services-ads-api:24.1.0] AndroidManifest.xml:53:13-67
57-->[com.google.android.gms:play-services-ads-api:24.1.0] AndroidManifest.xml:53:21-64
58
59            <data android:mimeType="vnd.android.cursor.dir/event" />
59-->src/main/AndroidManifest.xml:17:13-45
60        </intent>
61        <intent>
61-->[com.google.android.gms:play-services-ads-api:24.1.0] AndroidManifest.xml:57:9-61:18
62            <action android:name="android.intent.action.VIEW" />
62-->src/main/AndroidManifest.xml:16:13-65
62-->src/main/AndroidManifest.xml:16:21-62
63
64            <data android:scheme="sms" />
64-->src/main/AndroidManifest.xml:17:13-45
64-->src/main/AndroidManifest.xml:17:19-42
65        </intent>
66        <intent>
66-->[com.google.android.gms:play-services-ads-api:24.1.0] AndroidManifest.xml:62:9-66:18
67            <action android:name="android.intent.action.DIAL" />
67-->[com.google.android.gms:play-services-ads-api:24.1.0] AndroidManifest.xml:63:13-65
67-->[com.google.android.gms:play-services-ads-api:24.1.0] AndroidManifest.xml:63:21-62
68
69            <data android:path="tel:" />
69-->src/main/AndroidManifest.xml:17:13-45
70        </intent>
71    </queries>
72
73    <uses-permission android:name="android.permission.FOREGROUND_SERVICE" />
73-->src/main/AndroidManifest.xml:72:5-77
73-->src/main/AndroidManifest.xml:72:22-74
74
75    <queries>
75-->src/main/AndroidManifest.xml:14:5-20:15
76        <intent>
77            <action android:name="android.intent.action.PROCESS_TEXT" />
78
79            <data android:mimeType="text/plain" />
79-->src/main/AndroidManifest.xml:17:13-45
80        </intent>
81    </queries>
82
83    <uses-permission android:name="android.permission.ACCESS_NETWORK_STATE" />
83-->[:connectivity_plus] AndroidManifest.xml:7:5-79
83-->[:connectivity_plus] AndroidManifest.xml:7:22-76
84    <uses-permission android:name="com.android.vending.BILLING" /> <!-- suppress DeprecatedClassUsageInspection -->
84-->[com.android.billingclient:billing:7.1.1] AndroidManifest.xml:10:5-67
84-->[com.android.billingclient:billing:7.1.1] AndroidManifest.xml:10:22-64
85    <uses-permission android:name="android.permission.USE_FINGERPRINT" />
85-->[androidx.biometric:biometric:1.1.0] AndroidManifest.xml:27:5-74
85-->[androidx.biometric:biometric:1.1.0] AndroidManifest.xml:27:22-71
86    <uses-permission android:name="android.permission.ACCESS_ADSERVICES_AD_ID" />
86-->[com.google.android.gms:play-services-ads-api:24.1.0] AndroidManifest.xml:27:5-82
86-->[com.google.android.gms:play-services-ads-api:24.1.0] AndroidManifest.xml:27:22-79
87    <uses-permission android:name="android.permission.ACCESS_ADSERVICES_ATTRIBUTION" />
87-->[com.google.android.gms:play-services-ads-api:24.1.0] AndroidManifest.xml:28:5-88
87-->[com.google.android.gms:play-services-ads-api:24.1.0] AndroidManifest.xml:28:22-85
88    <uses-permission android:name="android.permission.ACCESS_ADSERVICES_TOPICS" />
88-->[com.google.android.gms:play-services-ads-api:24.1.0] AndroidManifest.xml:29:5-83
88-->[com.google.android.gms:play-services-ads-api:24.1.0] AndroidManifest.xml:29:22-80
89    <uses-permission android:name="android.permission.WAKE_LOCK" /> <!-- Required by older versions of Google Play services to create IID tokens -->
89-->[com.google.firebase:firebase-iid:21.1.0] AndroidManifest.xml:24:5-68
89-->[com.google.firebase:firebase-iid:21.1.0] AndroidManifest.xml:24:22-65
90    <uses-permission android:name="com.google.android.c2dm.permission.RECEIVE" />
90-->[com.google.firebase:firebase-iid:21.1.0] AndroidManifest.xml:26:5-82
90-->[com.google.firebase:firebase-iid:21.1.0] AndroidManifest.xml:26:22-79
91    <uses-permission android:name="com.google.android.providers.gsf.permission.READ_GSERVICES" />
91-->[com.google.android.recaptcha:recaptcha:18.6.1] AndroidManifest.xml:9:5-98
91-->[com.google.android.recaptcha:recaptcha:18.6.1] AndroidManifest.xml:9:22-95
92
93    <permission
93-->[androidx.core:core:1.16.0] AndroidManifest.xml:22:5-24:47
94        android:name="com.porseatechnology.budgetIntelli.DYNAMIC_RECEIVER_NOT_EXPORTED_PERMISSION"
94-->[androidx.core:core:1.16.0] AndroidManifest.xml:23:9-81
95        android:protectionLevel="signature" />
95-->[androidx.core:core:1.16.0] AndroidManifest.xml:24:9-44
96
97    <uses-permission android:name="com.porseatechnology.budgetIntelli.DYNAMIC_RECEIVER_NOT_EXPORTED_PERMISSION" />
97-->[androidx.core:core:1.16.0] AndroidManifest.xml:26:5-97
97-->[androidx.core:core:1.16.0] AndroidManifest.xml:26:22-94
98
99    <application
100        android:name="android.app.Application"
101        android:appComponentFactory="androidx.core.app.CoreComponentFactory"
101-->[androidx.core:core:1.16.0] AndroidManifest.xml:28:18-86
102        android:debuggable="true"
103        android:enableOnBackInvokedCallback="false"
104        android:extractNativeLibs="false"
105        android:icon="@mipmap/ic_launcher"
106        android:label="Budget Intelli" >
107        <activity
108            android:name="com.porseatechnology.budgetIntelli.MainActivity"
109            android:configChanges="orientation|keyboardHidden|keyboard|screenSize|smallestScreenSize|locale|layoutDirection|fontScale|screenLayout|density|uiMode"
110            android:exported="true"
111            android:hardwareAccelerated="true"
112            android:launchMode="singleTop"
113            android:showOnLockScreen="true"
114            android:theme="@style/LaunchTheme"
115            android:turnScreenOn="true"
116            android:windowSoftInputMode="adjustResize" >
117
118            <!--
119                 Specifies an Android theme to apply to this Activity as soon as
120                 the Android process has started. This theme is visible to the user
121                 while the Flutter UI initializes. After that, this theme continues
122                 to determine the Window background behind the Flutter UI.
123            -->
124
125            <meta-data
126                android:name="io.flutter.embedding.android.NormalTheme"
127                android:resource="@style/NormalTheme" />
128
129            <intent-filter>
130                <action android:name="android.intent.action.MAIN" />
131
132                <category android:name="android.intent.category.LAUNCHER" />
133            </intent-filter>
134        </activity>
135        <!--
136             Don't delete the meta-data below.
137             This is used by the Flutter tool to generate GeneratedPluginRegistrant.java
138        -->
139        <meta-data
140            android:name="flutterEmbedding"
141            android:value="2" />
142        <meta-data
143            android:name="com.google.android.gms.ads.APPLICATION_ID"
144            android:value="ca-app-pub-4057311172335348~2170710952" />
145
146        <service
147            android:name="com.dexterous.flutterlocalnotifications.ForegroundService"
148            android:exported="false"
149            android:stopWithTask="false" />
150
151        <receiver
152            android:name="com.dexterous.flutterlocalnotifications.ActionBroadcastReceiver"
153            android:exported="false" />
154        <receiver
155            android:name="com.dexterous.flutterlocalnotifications.ScheduledNotificationReceiver"
156            android:exported="false" />
157        <receiver
158            android:name="com.dexterous.flutterlocalnotifications.ScheduledNotificationBootReceiver"
159            android:exported="false" >
160            <intent-filter>
161                <action android:name="android.intent.action.BOOT_COMPLETED" />
161-->[androidx.work:work-runtime:2.7.0] AndroidManifest.xml:117:17-79
161-->[androidx.work:work-runtime:2.7.0] AndroidManifest.xml:117:25-76
162                <action android:name="android.intent.action.MY_PACKAGE_REPLACED" />
163                <action android:name="android.intent.action.QUICKBOOT_POWERON" />
164                <action android:name="com.htc.intent.action.QUICKBOOT_POWERON" />
165            </intent-filter>
166        </receiver>
167
168        <meta-data
168-->[:google_mobile_ads] AndroidManifest.xml:10:9-12:36
169            android:name="io.flutter.embedded_views_preview"
169-->[:google_mobile_ads] AndroidManifest.xml:11:13-61
170            android:value="true" />
170-->[:google_mobile_ads] AndroidManifest.xml:12:13-33
171
172        <service
172-->[:geolocator_android] AndroidManifest.xml:8:9-12:56
173            android:name="com.baseflow.geolocator.GeolocatorLocationService"
173-->[:geolocator_android] AndroidManifest.xml:9:13-77
174            android:enabled="true"
174-->[:geolocator_android] AndroidManifest.xml:10:13-35
175            android:exported="false"
175-->[:geolocator_android] AndroidManifest.xml:11:13-37
176            android:foregroundServiceType="location" />
176-->[:geolocator_android] AndroidManifest.xml:12:13-53
177
178        <provider
178-->[:image_picker_android] AndroidManifest.xml:9:9-17:20
179            android:name="io.flutter.plugins.imagepicker.ImagePickerFileProvider"
179-->[:image_picker_android] AndroidManifest.xml:10:13-82
180            android:authorities="com.porseatechnology.budgetIntelli.flutter.image_provider"
180-->[:image_picker_android] AndroidManifest.xml:11:13-74
181            android:exported="false"
181-->[:image_picker_android] AndroidManifest.xml:12:13-37
182            android:grantUriPermissions="true" >
182-->[:image_picker_android] AndroidManifest.xml:13:13-47
183            <meta-data
183-->[:image_picker_android] AndroidManifest.xml:14:13-16:75
184                android:name="android.support.FILE_PROVIDER_PATHS"
184-->[:image_picker_android] AndroidManifest.xml:15:17-67
185                android:resource="@xml/flutter_image_picker_file_paths" />
185-->[:image_picker_android] AndroidManifest.xml:16:17-72
186        </provider> <!-- Trigger Google Play services to install the backported photo picker module. -->
187        <service
187-->[:image_picker_android] AndroidManifest.xml:19:9-31:19
188            android:name="com.google.android.gms.metadata.ModuleDependencies"
188-->[:image_picker_android] AndroidManifest.xml:20:13-78
189            android:enabled="false"
189-->[:image_picker_android] AndroidManifest.xml:21:13-36
190            android:exported="false" >
190-->[:image_picker_android] AndroidManifest.xml:22:13-37
191            <intent-filter>
191-->[:image_picker_android] AndroidManifest.xml:24:13-26:29
192                <action android:name="com.google.android.gms.metadata.MODULE_DEPENDENCIES" />
192-->[:image_picker_android] AndroidManifest.xml:25:17-94
192-->[:image_picker_android] AndroidManifest.xml:25:25-91
193            </intent-filter>
194
195            <meta-data
195-->[:image_picker_android] AndroidManifest.xml:28:13-30:36
196                android:name="photopicker_activity:0:required"
196-->[:image_picker_android] AndroidManifest.xml:29:17-63
197                android:value="" />
197-->[:image_picker_android] AndroidManifest.xml:30:17-33
198        </service>
199
200        <activity
200-->[:url_launcher_android] AndroidManifest.xml:8:9-11:74
201            android:name="io.flutter.plugins.urllauncher.WebViewActivity"
201-->[:url_launcher_android] AndroidManifest.xml:9:13-74
202            android:exported="false"
202-->[:url_launcher_android] AndroidManifest.xml:10:13-37
203            android:theme="@android:style/Theme.NoTitleBar.Fullscreen" />
203-->[:url_launcher_android] AndroidManifest.xml:11:13-71
204
205        <service
205-->[:cloud_firestore] AndroidManifest.xml:8:9-12:19
206            android:name="com.google.firebase.components.ComponentDiscoveryService"
206-->[:cloud_firestore] AndroidManifest.xml:8:18-89
207            android:directBootAware="true"
207-->[com.google.firebase:firebase-common:21.0.0] AndroidManifest.xml:32:13-43
208            android:exported="false" >
208-->[com.google.firebase:firebase-auth:23.2.0] AndroidManifest.xml:68:13-37
209            <meta-data
209-->[:cloud_firestore] AndroidManifest.xml:9:13-11:85
210                android:name="com.google.firebase.components:io.flutter.plugins.firebase.firestore.FlutterFirebaseFirestoreRegistrar"
210-->[:cloud_firestore] AndroidManifest.xml:10:17-134
211                android:value="com.google.firebase.components.ComponentRegistrar" />
211-->[:cloud_firestore] AndroidManifest.xml:11:17-82
212            <meta-data
212-->[:cloud_functions] AndroidManifest.xml:9:13-11:85
213                android:name="com.google.firebase.components:io.flutter.plugins.firebase.functions.FlutterFirebaseAppRegistrar"
213-->[:cloud_functions] AndroidManifest.xml:10:17-128
214                android:value="com.google.firebase.components.ComponentRegistrar" />
214-->[:cloud_functions] AndroidManifest.xml:11:17-82
215            <meta-data
215-->[:firebase_auth] AndroidManifest.xml:9:13-11:85
216                android:name="com.google.firebase.components:io.flutter.plugins.firebase.auth.FlutterFirebaseAuthRegistrar"
216-->[:firebase_auth] AndroidManifest.xml:10:17-124
217                android:value="com.google.firebase.components.ComponentRegistrar" />
217-->[:firebase_auth] AndroidManifest.xml:11:17-82
218            <meta-data
218-->[:firebase_crashlytics] AndroidManifest.xml:9:13-11:85
219                android:name="com.google.firebase.components:io.flutter.plugins.firebase.crashlytics.FlutterFirebaseAppRegistrar"
219-->[:firebase_crashlytics] AndroidManifest.xml:10:17-130
220                android:value="com.google.firebase.components.ComponentRegistrar" />
220-->[:firebase_crashlytics] AndroidManifest.xml:11:17-82
221            <meta-data
221-->[:firebase_storage] AndroidManifest.xml:9:13-11:85
222                android:name="com.google.firebase.components:io.flutter.plugins.firebase.storage.FlutterFirebaseAppRegistrar"
222-->[:firebase_storage] AndroidManifest.xml:10:17-126
223                android:value="com.google.firebase.components.ComponentRegistrar" />
223-->[:firebase_storage] AndroidManifest.xml:11:17-82
224            <meta-data
224-->[:firebase_core] AndroidManifest.xml:9:13-11:85
225                android:name="com.google.firebase.components:io.flutter.plugins.firebase.core.FlutterFirebaseCoreRegistrar"
225-->[:firebase_core] AndroidManifest.xml:10:17-124
226                android:value="com.google.firebase.components.ComponentRegistrar" />
226-->[:firebase_core] AndroidManifest.xml:11:17-82
227            <meta-data
227-->[com.google.firebase:firebase-auth:23.2.0] AndroidManifest.xml:69:13-71:85
228                android:name="com.google.firebase.components:com.google.firebase.auth.FirebaseAuthRegistrar"
228-->[com.google.firebase:firebase-auth:23.2.0] AndroidManifest.xml:70:17-109
229                android:value="com.google.firebase.components.ComponentRegistrar" />
229-->[com.google.firebase:firebase-auth:23.2.0] AndroidManifest.xml:71:17-82
230            <meta-data
230-->[com.google.firebase:firebase-crashlytics:19.4.2] AndroidManifest.xml:15:13-17:85
231                android:name="com.google.firebase.components:com.google.firebase.crashlytics.FirebaseCrashlyticsKtxRegistrar"
231-->[com.google.firebase:firebase-crashlytics:19.4.2] AndroidManifest.xml:16:17-126
232                android:value="com.google.firebase.components.ComponentRegistrar" />
232-->[com.google.firebase:firebase-crashlytics:19.4.2] AndroidManifest.xml:17:17-82
233            <meta-data
233-->[com.google.firebase:firebase-crashlytics:19.4.2] AndroidManifest.xml:18:13-20:85
234                android:name="com.google.firebase.components:com.google.firebase.crashlytics.CrashlyticsRegistrar"
234-->[com.google.firebase:firebase-crashlytics:19.4.2] AndroidManifest.xml:19:17-115
235                android:value="com.google.firebase.components.ComponentRegistrar" />
235-->[com.google.firebase:firebase-crashlytics:19.4.2] AndroidManifest.xml:20:17-82
236            <meta-data
236-->[com.google.firebase:firebase-firestore:25.1.3] AndroidManifest.xml:17:13-19:85
237                android:name="com.google.firebase.components:com.google.firebase.firestore.FirebaseFirestoreKtxRegistrar"
237-->[com.google.firebase:firebase-firestore:25.1.3] AndroidManifest.xml:18:17-122
238                android:value="com.google.firebase.components.ComponentRegistrar" />
238-->[com.google.firebase:firebase-firestore:25.1.3] AndroidManifest.xml:19:17-82
239            <meta-data
239-->[com.google.firebase:firebase-firestore:25.1.3] AndroidManifest.xml:20:13-22:85
240                android:name="com.google.firebase.components:com.google.firebase.firestore.FirestoreRegistrar"
240-->[com.google.firebase:firebase-firestore:25.1.3] AndroidManifest.xml:21:17-111
241                android:value="com.google.firebase.components.ComponentRegistrar" />
241-->[com.google.firebase:firebase-firestore:25.1.3] AndroidManifest.xml:22:17-82
242            <meta-data
242-->[com.google.firebase:firebase-functions:21.2.0] AndroidManifest.xml:15:13-17:85
243                android:name="com.google.firebase.components:com.google.firebase.functions.FirebaseFunctionsKtxRegistrar"
243-->[com.google.firebase:firebase-functions:21.2.0] AndroidManifest.xml:16:17-122
244                android:value="com.google.firebase.components.ComponentRegistrar" />
244-->[com.google.firebase:firebase-functions:21.2.0] AndroidManifest.xml:17:17-82
245            <meta-data
245-->[com.google.firebase:firebase-functions:21.2.0] AndroidManifest.xml:18:13-20:85
246                android:name="com.google.firebase.components:com.google.firebase.functions.FunctionsRegistrar"
246-->[com.google.firebase:firebase-functions:21.2.0] AndroidManifest.xml:19:17-111
247                android:value="com.google.firebase.components.ComponentRegistrar" />
247-->[com.google.firebase:firebase-functions:21.2.0] AndroidManifest.xml:20:17-82
248            <meta-data
248-->[com.google.firebase:firebase-storage:21.0.1] AndroidManifest.xml:30:13-32:85
249                android:name="com.google.firebase.components:com.google.firebase.storage.FirebaseStorageKtxRegistrar"
249-->[com.google.firebase:firebase-storage:21.0.1] AndroidManifest.xml:31:17-118
250                android:value="com.google.firebase.components.ComponentRegistrar" />
250-->[com.google.firebase:firebase-storage:21.0.1] AndroidManifest.xml:32:17-82
251            <meta-data
251-->[com.google.firebase:firebase-storage:21.0.1] AndroidManifest.xml:33:13-35:85
252                android:name="com.google.firebase.components:com.google.firebase.storage.StorageRegistrar"
252-->[com.google.firebase:firebase-storage:21.0.1] AndroidManifest.xml:34:17-107
253                android:value="com.google.firebase.components.ComponentRegistrar" />
253-->[com.google.firebase:firebase-storage:21.0.1] AndroidManifest.xml:35:17-82
254            <meta-data
254-->[com.google.firebase:firebase-sessions:2.1.0] AndroidManifest.xml:29:13-31:85
255                android:name="com.google.firebase.components:com.google.firebase.sessions.FirebaseSessionsRegistrar"
255-->[com.google.firebase:firebase-sessions:2.1.0] AndroidManifest.xml:30:17-117
256                android:value="com.google.firebase.components.ComponentRegistrar" />
256-->[com.google.firebase:firebase-sessions:2.1.0] AndroidManifest.xml:31:17-82
257            <meta-data
257-->[com.google.firebase:firebase-iid:21.1.0] AndroidManifest.xml:32:13-34:85
258                android:name="com.google.firebase.components:com.google.firebase.iid.Registrar"
258-->[com.google.firebase:firebase-iid:21.1.0] AndroidManifest.xml:33:17-96
259                android:value="com.google.firebase.components.ComponentRegistrar" />
259-->[com.google.firebase:firebase-iid:21.1.0] AndroidManifest.xml:34:17-82
260            <meta-data
260-->[com.google.firebase:firebase-installations:18.0.0] AndroidManifest.xml:15:13-17:85
261                android:name="com.google.firebase.components:com.google.firebase.installations.FirebaseInstallationsKtxRegistrar"
261-->[com.google.firebase:firebase-installations:18.0.0] AndroidManifest.xml:16:17-130
262                android:value="com.google.firebase.components.ComponentRegistrar" />
262-->[com.google.firebase:firebase-installations:18.0.0] AndroidManifest.xml:17:17-82
263            <meta-data
263-->[com.google.firebase:firebase-installations:18.0.0] AndroidManifest.xml:18:13-20:85
264                android:name="com.google.firebase.components:com.google.firebase.installations.FirebaseInstallationsRegistrar"
264-->[com.google.firebase:firebase-installations:18.0.0] AndroidManifest.xml:19:17-127
265                android:value="com.google.firebase.components.ComponentRegistrar" />
265-->[com.google.firebase:firebase-installations:18.0.0] AndroidManifest.xml:20:17-82
266            <meta-data
266-->[com.google.firebase:firebase-appcheck:18.0.0] AndroidManifest.xml:25:13-27:85
267                android:name="com.google.firebase.components:com.google.firebase.appcheck.FirebaseAppCheckKtxRegistrar"
267-->[com.google.firebase:firebase-appcheck:18.0.0] AndroidManifest.xml:26:17-120
268                android:value="com.google.firebase.components.ComponentRegistrar" />
268-->[com.google.firebase:firebase-appcheck:18.0.0] AndroidManifest.xml:27:17-82
269            <meta-data
269-->[com.google.firebase:firebase-appcheck:18.0.0] AndroidManifest.xml:28:13-30:85
270                android:name="com.google.firebase.components:com.google.firebase.appcheck.FirebaseAppCheckRegistrar"
270-->[com.google.firebase:firebase-appcheck:18.0.0] AndroidManifest.xml:29:17-117
271                android:value="com.google.firebase.components.ComponentRegistrar" />
271-->[com.google.firebase:firebase-appcheck:18.0.0] AndroidManifest.xml:30:17-82
272            <meta-data
272-->[com.google.firebase:firebase-common-ktx:21.0.0] AndroidManifest.xml:12:13-14:85
273                android:name="com.google.firebase.components:com.google.firebase.ktx.FirebaseCommonLegacyRegistrar"
273-->[com.google.firebase:firebase-common-ktx:21.0.0] AndroidManifest.xml:13:17-116
274                android:value="com.google.firebase.components.ComponentRegistrar" />
274-->[com.google.firebase:firebase-common-ktx:21.0.0] AndroidManifest.xml:14:17-82
275            <meta-data
275-->[com.google.firebase:firebase-common:21.0.0] AndroidManifest.xml:35:13-37:85
276                android:name="com.google.firebase.components:com.google.firebase.FirebaseCommonKtxRegistrar"
276-->[com.google.firebase:firebase-common:21.0.0] AndroidManifest.xml:36:17-109
277                android:value="com.google.firebase.components.ComponentRegistrar" />
277-->[com.google.firebase:firebase-common:21.0.0] AndroidManifest.xml:37:17-82
278            <meta-data
278-->[com.google.firebase:firebase-datatransport:19.0.0] AndroidManifest.xml:25:13-27:85
279                android:name="com.google.firebase.components:com.google.firebase.datatransport.TransportRegistrar"
279-->[com.google.firebase:firebase-datatransport:19.0.0] AndroidManifest.xml:26:17-115
280                android:value="com.google.firebase.components.ComponentRegistrar" />
280-->[com.google.firebase:firebase-datatransport:19.0.0] AndroidManifest.xml:27:17-82
281        </service>
282
283        <provider
283-->[:open_file_android] AndroidManifest.xml:9:9-19:20
284            android:name="com.crazecoder.openfile.FileProvider"
284-->[:open_file_android] AndroidManifest.xml:10:13-64
285            android:authorities="com.porseatechnology.budgetIntelli.fileProvider.com.crazecoder.openfile"
285-->[:open_file_android] AndroidManifest.xml:11:13-88
286            android:exported="false"
286-->[:open_file_android] AndroidManifest.xml:12:13-37
287            android:grantUriPermissions="true"
287-->[:open_file_android] AndroidManifest.xml:13:13-47
288            android:requestLegacyExternalStorage="true" >
288-->[:open_file_android] AndroidManifest.xml:14:13-56
289            <meta-data
289-->[:image_picker_android] AndroidManifest.xml:14:13-16:75
290                android:name="android.support.FILE_PROVIDER_PATHS"
290-->[:image_picker_android] AndroidManifest.xml:15:17-67
291                android:resource="@xml/filepaths" />
291-->[:image_picker_android] AndroidManifest.xml:16:17-72
292        </provider>
293
294        <meta-data
294-->[com.android.billingclient:billing:7.1.1] AndroidManifest.xml:22:9-24:37
295            android:name="com.google.android.play.billingclient.version"
295-->[com.android.billingclient:billing:7.1.1] AndroidManifest.xml:23:13-73
296            android:value="7.1.1" />
296-->[com.android.billingclient:billing:7.1.1] AndroidManifest.xml:24:13-34
297
298        <activity
298-->[com.android.billingclient:billing:7.1.1] AndroidManifest.xml:26:9-30:75
299            android:name="com.android.billingclient.api.ProxyBillingActivity"